<?xml version="1.0" encoding="UTF-8"?>
<!-- Generated by org.testng.reporters.JUnitReportReporter -->
<testsuite hostname="MANTHANs-MacBook-Pro.local" failures="0" tests="3" name="testNGSessions.Annotations" time="0.009" errors="0" timestamp="28 Apr. 2024 16:22:53 GMT" skipped="0">
  <testcase classname="testNGSessions.Annotations" name="homePageSearchTest" time="0.005"/>
  <testcase classname="testNGSessions.Annotations" name="homePageTitleTest" time="0.003"/>
  <testcase classname="testNGSessions.Annotations" name="homePageURLTest" time="0.001"/>
</testsuite> <!-- testNGSessions.Annotations -->
