<?xml version="1.0" encoding="UTF-8"?>
<!-- Generated by org.testng.reporters.JUnitReportReporter -->
<testsuite hostname="MANTHANs-MacBook-Pro.local" failures="0" tests="3" name="testNGSessions.AmazonTest" time="14.316" errors="0" timestamp="28 Apr. 2024 16:24:30 GMT" skipped="0">
  <testcase classname="testNGSessions.AmazonTest" name="titleTest" time="3.968"/>
  <testcase classname="testNGSessions.AmazonTest" name="searchExistTest" time="4.062"/>
  <testcase classname="testNGSessions.AmazonTest" name="isHelpExistTest" time="6.286"/>
</testsuite> <!-- testNGSessions.AmazonTest -->
